<?xml version="1.0" encoding="UTF-8"?>
<!-- Generated by org.testng.reporters.JUnitXMLReporter -->
<testsuite ignored="0" hostname="INLEN8520016843" failures="0" tests="2" name="iNetBankingApp Test" time="28.561" errors="0" timestamp="2023-08-14T17:21:44 IST">
  <testcase classname="com.iNetBanking.testCases.TC_LoginTest001" name="loginTest" time="3.652"/>
  <testcase classname="com.iNetBanking.testCases.TC_AddCustomerTest_003" name="addNewCustomer" time="12.494"/>
</testsuite> <!-- iNetBankingApp Test -->
