<?xml version="1.0" encoding="UTF-8"?>
<testng-results ignored="0" total="2" passed="2" failed="0" skipped="0">
  <reporter-output>
  </reporter-output>
  <suite started-at="2023-08-14T17:21:15 IST" name="iNetBanking_Project" finished-at="2023-08-14T17:21:44 IST" duration-ms="28561">
    <groups>
    </groups>
    <test started-at="2023-08-14T17:21:15 IST" name="iNetBankingApp Test" finished-at="2023-08-14T17:21:44 IST" duration-ms="28561">
      <class name="com.iNetBanking.testCases.TC_AddCustomerTest_003">
        <test-method is-config="true" signature="setUp(java.lang.String)[pri:0, instance:com.iNetBanking.testCases.TC_AddCustomerTest_003@223d2c72]" started-at="2023-08-14T17:21:27 IST" name="setUp" finished-at="2023-08-14T17:21:31 IST" duration-ms="4213" status="PASS">
          <params>
            <param index="0">
              <value>
                <![CDATA[chrome]]>
              </value>
            </param>
          </params>
          <reporter-output>
          </reporter-output>
        </test-method> <!-- setUp -->
        <test-method signature="addNewCustomer()[pri:0, instance:com.iNetBanking.testCases.TC_AddCustomerTest_003@223d2c72]" started-at="2023-08-14T17:21:31 IST" name="addNewCustomer" finished-at="2023-08-14T17:21:43 IST" duration-ms="12494" status="PASS">
          <reporter-output>
          </reporter-output>
        </test-method> <!-- addNewCustomer -->
        <test-method is-config="true" signature="tearDown()[pri:0, instance:com.iNetBanking.testCases.TC_AddCustomerTest_003@223d2c72]" started-at="2023-08-14T17:21:43 IST" name="tearDown" finished-at="2023-08-14T17:21:44 IST" duration-ms="302" status="PASS">
          <reporter-output>
          </reporter-output>
        </test-method> <!-- tearDown -->
      </class> <!-- com.iNetBanking.testCases.TC_AddCustomerTest_003 -->
      <class name="com.iNetBanking.testCases.TC_LoginTest001">
        <test-method is-config="true" signature="setUp(java.lang.String)[pri:0, instance:com.iNetBanking.testCases.TC_LoginTest001@35cabb2a]" started-at="2023-08-14T17:21:15 IST" name="setUp" finished-at="2023-08-14T17:21:23 IST" duration-ms="7410" status="PASS">
          <params>
            <param index="0">
              <value>
                <![CDATA[chrome]]>
              </value>
            </param>
          </params>
          <reporter-output>
          </reporter-output>
        </test-method> <!-- setUp -->
        <test-method signature="loginTest()[pri:0, instance:com.iNetBanking.testCases.TC_LoginTest001@35cabb2a]" started-at="2023-08-14T17:21:23 IST" name="loginTest" finished-at="2023-08-14T17:21:26 IST" duration-ms="3652" status="PASS">
          <reporter-output>
          </reporter-output>
        </test-method> <!-- loginTest -->
        <test-method is-config="true" signature="tearDown()[pri:0, instance:com.iNetBanking.testCases.TC_LoginTest001@35cabb2a]" started-at="2023-08-14T17:21:26 IST" name="tearDown" finished-at="2023-08-14T17:21:27 IST" duration-ms="298" status="PASS">
          <reporter-output>
          </reporter-output>
        </test-method> <!-- tearDown -->
      </class> <!-- com.iNetBanking.testCases.TC_LoginTest001 -->
    </test> <!-- iNetBankingApp Test -->
  </suite> <!-- iNetBanking_Project -->
</testng-results>
